::1 - - [15/May/2021:16:17:25 +0000] "OPTIONS /login HTTP/1.1" 200 4 "http://localhost:3000/" "Mozilla/5.0 (Windows NT 10.0; Win64; x64) AppleWebKit/537.36 (KHTML, like Gecko) Chrome/90.0.4430.212 Safari/537.36"
::1 - - [15/May/2021:16:17:26 +0000] "POST /login HTTP/1.1" 200 314 "http://localhost:3000/" "Mozilla/5.0 (Windows NT 10.0; Win64; x64) AppleWebKit/537.36 (KHTML, like Gecko) Chrome/90.0.4430.212 Safari/537.36"
::1 - - [15/May/2021:16:17:44 +0000] "OPTIONS /login HTTP/1.1" 200 4 "http://localhost:3000/" "Mozilla/5.0 (Windows NT 10.0; Win64; x64) AppleWebKit/537.36 (KHTML, like Gecko) Chrome/90.0.4430.212 Safari/537.36"
::1 - - [15/May/2021:16:17:45 +0000] "POST /login HTTP/1.1" 422 33 "http://localhost:3000/" "Mozilla/5.0 (Windows NT 10.0; Win64; x64) AppleWebKit/537.36 (KHTML, like Gecko) Chrome/90.0.4430.212 Safari/537.36"
::1 - - [15/May/2021:16:17:50 +0000] "POST /login HTTP/1.1" 200 314 "http://localhost:3000/" "Mozilla/5.0 (Windows NT 10.0; Win64; x64) AppleWebKit/537.36 (KHTML, like Gecko) Chrome/90.0.4430.212 Safari/537.36"
::1 - - [15/May/2021:16:17:53 +0000] "OPTIONS /user/userData HTTP/1.1" 200 12 "http://localhost:3000/" "Mozilla/5.0 (Windows NT 10.0; Win64; x64) AppleWebKit/537.36 (KHTML, like Gecko) Chrome/90.0.4430.212 Safari/537.36"
::1 - - [15/May/2021:16:17:53 +0000] "OPTIONS /recipe/user/6096a074701b616bdc21cdef?page=1 HTTP/1.1" 200 8 "http://localhost:3000/" "Mozilla/5.0 (Windows NT 10.0; Win64; x64) AppleWebKit/537.36 (KHTML, like Gecko) Chrome/90.0.4430.212 Safari/537.36"
::1 - - [15/May/2021:16:17:54 +0000] "GET /user/userData HTTP/1.1" 304 - "http://localhost:3000/" "Mozilla/5.0 (Windows NT 10.0; Win64; x64) AppleWebKit/537.36 (KHTML, like Gecko) Chrome/90.0.4430.212 Safari/537.36"
::1 - - [15/May/2021:16:17:54 +0000] "GET /images/user/20210509T145628.267ZScreenshot%20(12).png HTTP/1.1" 200 168802 "http://localhost:3000/" "Mozilla/5.0 (Windows NT 10.0; Win64; x64) AppleWebKit/537.36 (KHTML, like Gecko) Chrome/90.0.4430.212 Safari/537.36"
::1 - - [15/May/2021:16:17:56 +0000] "GET /recipe/user/6096a074701b616bdc21cdef?page=1 HTTP/1.1" 200 490 "http://localhost:3000/" "Mozilla/5.0 (Windows NT 10.0; Win64; x64) AppleWebKit/537.36 (KHTML, like Gecko) Chrome/90.0.4430.212 Safari/537.36"
::1 - - [15/May/2021:16:18:11 +0000] "OPTIONS /user/userData?fileType=user HTTP/1.1" 200 12 "http://localhost:3000/" "Mozilla/5.0 (Windows NT 10.0; Win64; x64) AppleWebKit/537.36 (KHTML, like Gecko) Chrome/90.0.4430.212 Safari/537.36"
::1 - - [15/May/2021:16:18:11 +0000] "OPTIONS /user/userData HTTP/1.1" 200 12 "http://localhost:3000/" "Mozilla/5.0 (Windows NT 10.0; Win64; x64) AppleWebKit/537.36 (KHTML, like Gecko) Chrome/90.0.4430.212 Safari/537.36"
::1 - - [15/May/2021:16:18:11 +0000] "OPTIONS /recipe/user/6096a074701b616bdc21cdef?page=1 HTTP/1.1" 200 8 "http://localhost:3000/" "Mozilla/5.0 (Windows NT 10.0; Win64; x64) AppleWebKit/537.36 (KHTML, like Gecko) Chrome/90.0.4430.212 Safari/537.36"
::1 - - [15/May/2021:16:18:11 +0000] "GET /images/recipe/20210509T152701.151ZScreenshot%20(26).png HTTP/1.1" 200 255836 "http://localhost:3000/" "Mozilla/5.0 (Windows NT 10.0; Win64; x64) AppleWebKit/537.36 (KHTML, like Gecko) Chrome/90.0.4430.212 Safari/537.36"
::1 - - [15/May/2021:16:18:11 +0000] "GET /user/userData HTTP/1.1" 304 - "http://localhost:3000/" "Mozilla/5.0 (Windows NT 10.0; Win64; x64) AppleWebKit/537.36 (KHTML, like Gecko) Chrome/90.0.4430.212 Safari/537.36"
::1 - - [15/May/2021:16:18:13 +0000] "PUT /user/userData?fileType=user HTTP/1.1" 200 669 "http://localhost:3000/" "Mozilla/5.0 (Windows NT 10.0; Win64; x64) AppleWebKit/537.36 (KHTML, like Gecko) Chrome/90.0.4430.212 Safari/537.36"
::1 - - [15/May/2021:16:18:13 +0000] "GET /images/user/20210515T161811.363ZScreenshot%20(8).png HTTP/1.1" 200 321290 "http://localhost:3000/" "Mozilla/5.0 (Windows NT 10.0; Win64; x64) AppleWebKit/537.36 (KHTML, like Gecko) Chrome/90.0.4430.212 Safari/537.36"
::1 - - [15/May/2021:16:18:13 +0000] "GET /recipe/user/6096a074701b616bdc21cdef?page=1 HTTP/1.1" 304 - "http://localhost:3000/" "Mozilla/5.0 (Windows NT 10.0; Win64; x64) AppleWebKit/537.36 (KHTML, like Gecko) Chrome/90.0.4430.212 Safari/537.36"
::1 - - [15/May/2021:16:18:20 +0000] "OPTIONS /user/userData HTTP/1.1" 200 12 "http://localhost:3000/" "Mozilla/5.0 (Windows NT 10.0; Win64; x64) AppleWebKit/537.36 (KHTML, like Gecko) Chrome/90.0.4430.212 Safari/537.36"
::1 - - [15/May/2021:16:18:20 +0000] "OPTIONS /recipe/user/6096a074701b616bdc21cdef?page=1 HTTP/1.1" 200 8 "http://localhost:3000/" "Mozilla/5.0 (Windows NT 10.0; Win64; x64) AppleWebKit/537.36 (KHTML, like Gecko) Chrome/90.0.4430.212 Safari/537.36"
::1 - - [15/May/2021:16:18:20 +0000] "GET /user/userData HTTP/1.1" 200 709 "http://localhost:3000/" "Mozilla/5.0 (Windows NT 10.0; Win64; x64) AppleWebKit/537.36 (KHTML, like Gecko) Chrome/90.0.4430.212 Safari/537.36"
::1 - - [15/May/2021:16:18:20 +0000] "GET /recipe/user/6096a074701b616bdc21cdef?page=1 HTTP/1.1" 304 - "http://localhost:3000/" "Mozilla/5.0 (Windows NT 10.0; Win64; x64) AppleWebKit/537.36 (KHTML, like Gecko) Chrome/90.0.4430.212 Safari/537.36"
::1 - - [15/May/2021:16:18:22 +0000] "GET /user/userData HTTP/1.1" 304 - "http://localhost:3000/" "Mozilla/5.0 (Windows NT 10.0; Win64; x64) AppleWebKit/537.36 (KHTML, like Gecko) Chrome/90.0.4430.212 Safari/537.36"
::1 - - [15/May/2021:16:18:22 +0000] "GET /recipe/user/6096a074701b616bdc21cdef?page=1 HTTP/1.1" 304 - "http://localhost:3000/" "Mozilla/5.0 (Windows NT 10.0; Win64; x64) AppleWebKit/537.36 (KHTML, like Gecko) Chrome/90.0.4430.212 Safari/537.36"
::1 - - [15/May/2021:16:18:25 +0000] "OPTIONS /recipe/recipes?page=1 HTTP/1.1" 200 13 "http://localhost:3000/" "Mozilla/5.0 (Windows NT 10.0; Win64; x64) AppleWebKit/537.36 (KHTML, like Gecko) Chrome/90.0.4430.212 Safari/537.36"
::1 - - [15/May/2021:16:18:25 +0000] "GET /recipe/recipes?page=1 HTTP/1.1" 200 485 "http://localhost:3000/" "Mozilla/5.0 (Windows NT 10.0; Win64; x64) AppleWebKit/537.36 (KHTML, like Gecko) Chrome/90.0.4430.212 Safari/537.36"
::1 - - [15/May/2021:16:18:32 +0000] "OPTIONS /user/userData HTTP/1.1" 200 12 "http://localhost:3000/" "Mozilla/5.0 (Windows NT 10.0; Win64; x64) AppleWebKit/537.36 (KHTML, like Gecko) Chrome/90.0.4430.212 Safari/537.36"
::1 - - [15/May/2021:16:18:32 +0000] "OPTIONS /recipe/user/6096a074701b616bdc21cdef?page=1 HTTP/1.1" 200 8 "http://localhost:3000/" "Mozilla/5.0 (Windows NT 10.0; Win64; x64) AppleWebKit/537.36 (KHTML, like Gecko) Chrome/90.0.4430.212 Safari/537.36"
::1 - - [15/May/2021:16:18:32 +0000] "GET /user/userData HTTP/1.1" 304 - "http://localhost:3000/" "Mozilla/5.0 (Windows NT 10.0; Win64; x64) AppleWebKit/537.36 (KHTML, like Gecko) Chrome/90.0.4430.212 Safari/537.36"
::1 - - [15/May/2021:16:18:33 +0000] "GET /recipe/user/6096a074701b616bdc21cdef?page=1 HTTP/1.1" 304 - "http://localhost:3000/" "Mozilla/5.0 (Windows NT 10.0; Win64; x64) AppleWebKit/537.36 (KHTML, like Gecko) Chrome/90.0.4430.212 Safari/537.36"
::1 - - [15/May/2021:16:18:56 +0000] "OPTIONS /user/userData HTTP/1.1" 200 12 "http://localhost:3000/" "Mozilla/5.0 (Windows NT 10.0; Win64; x64) AppleWebKit/537.36 (KHTML, like Gecko) Chrome/90.0.4430.212 Safari/537.36"
::1 - - [15/May/2021:16:18:56 +0000] "OPTIONS /recipe/user/6096a074701b616bdc21cdef?page=1 HTTP/1.1" 200 8 "http://localhost:3000/" "Mozilla/5.0 (Windows NT 10.0; Win64; x64) AppleWebKit/537.36 (KHTML, like Gecko) Chrome/90.0.4430.212 Safari/537.36"
::1 - - [15/May/2021:16:18:57 +0000] "GET /user/userData HTTP/1.1" 304 - "http://localhost:3000/" "Mozilla/5.0 (Windows NT 10.0; Win64; x64) AppleWebKit/537.36 (KHTML, like Gecko) Chrome/90.0.4430.212 Safari/537.36"
::1 - - [15/May/2021:16:18:57 +0000] "GET /recipe/user/6096a074701b616bdc21cdef?page=1 HTTP/1.1" 304 - "http://localhost:3000/" "Mozilla/5.0 (Windows NT 10.0; Win64; x64) AppleWebKit/537.36 (KHTML, like Gecko) Chrome/90.0.4430.212 Safari/537.36"
::1 - - [15/May/2021:16:23:23 +0000] "OPTIONS /recipe/recipes?page=1 HTTP/1.1" 200 13 "http://localhost:3000/" "Mozilla/5.0 (Windows NT 10.0; Win64; x64) AppleWebKit/537.36 (KHTML, like Gecko) Chrome/90.0.4430.212 Safari/537.36"
::1 - - [15/May/2021:16:23:24 +0000] "GET /recipe/recipes?page=1 HTTP/1.1" 304 - "http://localhost:3000/" "Mozilla/5.0 (Windows NT 10.0; Win64; x64) AppleWebKit/537.36 (KHTML, like Gecko) Chrome/90.0.4430.212 Safari/537.36"
::1 - - [15/May/2021:16:23:37 +0000] "OPTIONS /recipe/recipes?fileType=recipe HTTP/1.1" 200 13 "http://localhost:3000/" "Mozilla/5.0 (Windows NT 10.0; Win64; x64) AppleWebKit/537.36 (KHTML, like Gecko) Chrome/90.0.4430.212 Safari/537.36"
::1 - - [15/May/2021:16:23:38 +0000] "POST /recipe/recipes?fileType=recipe HTTP/1.1" 201 418 "http://localhost:3000/" "Mozilla/5.0 (Windows NT 10.0; Win64; x64) AppleWebKit/537.36 (KHTML, like Gecko) Chrome/90.0.4430.212 Safari/537.36"
::1 - - [15/May/2021:16:23:38 +0000] "GET /images/recipe/20210515T162337.212ZScreenshot%20(25).png HTTP/1.1" 200 177295 "http://localhost:3000/" "Mozilla/5.0 (Windows NT 10.0; Win64; x64) AppleWebKit/537.36 (KHTML, like Gecko) Chrome/90.0.4430.212 Safari/537.36"
::1 - - [15/May/2021:16:23:40 +0000] "GET /images/user/20210515T161811.363ZScreenshot%20(8).png HTTP/1.1" 304 - "http://localhost:3000/" "Mozilla/5.0 (Windows NT 10.0; Win64; x64) AppleWebKit/537.36 (KHTML, like Gecko) Chrome/90.0.4430.212 Safari/537.36"
::1 - - [15/May/2021:16:23:40 +0000] "OPTIONS /user/userData HTTP/1.1" 200 12 "http://localhost:3000/" "Mozilla/5.0 (Windows NT 10.0; Win64; x64) AppleWebKit/537.36 (KHTML, like Gecko) Chrome/90.0.4430.212 Safari/537.36"
::1 - - [15/May/2021:16:23:40 +0000] "OPTIONS /recipe/user/6096a074701b616bdc21cdef?page=1 HTTP/1.1" 200 8 "http://localhost:3000/" "Mozilla/5.0 (Windows NT 10.0; Win64; x64) AppleWebKit/537.36 (KHTML, like Gecko) Chrome/90.0.4430.212 Safari/537.36"
::1 - - [15/May/2021:16:23:40 +0000] "GET /user/userData HTTP/1.1" 200 736 "http://localhost:3000/" "Mozilla/5.0 (Windows NT 10.0; Win64; x64) AppleWebKit/537.36 (KHTML, like Gecko) Chrome/90.0.4430.212 Safari/537.36"
::1 - - [15/May/2021:16:23:41 +0000] "GET /recipe/user/6096a074701b616bdc21cdef?page=1 HTTP/1.1" 200 857 "http://localhost:3000/" "Mozilla/5.0 (Windows NT 10.0; Win64; x64) AppleWebKit/537.36 (KHTML, like Gecko) Chrome/90.0.4430.212 Safari/537.36"
::1 - - [15/May/2021:16:23:51 +0000] "OPTIONS /recipe/recipes/609ff589842fbf7d40ebb269?fileType=recipe HTTP/1.1" 200 10 "http://localhost:3000/" "Mozilla/5.0 (Windows NT 10.0; Win64; x64) AppleWebKit/537.36 (KHTML, like Gecko) Chrome/90.0.4430.212 Safari/537.36"
::1 - - [15/May/2021:16:23:52 +0000] "PUT /recipe/recipes/609ff589842fbf7d40ebb269?fileType=recipe HTTP/1.1" 200 425 "http://localhost:3000/" "Mozilla/5.0 (Windows NT 10.0; Win64; x64) AppleWebKit/537.36 (KHTML, like Gecko) Chrome/90.0.4430.212 Safari/537.36"
::1 - - [15/May/2021:16:23:52 +0000] "GET /images/recipe/20210515T162351.461ZScreenshot%20(25).png HTTP/1.1" 200 177295 "http://localhost:3000/" "Mozilla/5.0 (Windows NT 10.0; Win64; x64) AppleWebKit/537.36 (KHTML, like Gecko) Chrome/90.0.4430.212 Safari/537.36"
